This is pdfTeX, Version 3.141592653-2.6-1.40.27 (MiKTeX 25.2) (preloaded format=pdflatex 2025.3.21)  21 MAR 2025 15:38
entering extended mode
 restricted \write18 enabled.
 %&-line parsing enabled.
**"./McCarthy HW6 2490.tex"
(McCarthy HW6 2490.tex
LaTeX2e <2024-11-01> patch level 2
L3 programming layer <2025-01-18>
(/home/katherine/.miktex/texmfs/install/tex/latex/base/article.cls
Document Class: article 2024/06/29 v1.4n Standard LaTeX document class
(/home/katherine/.miktex/texmfs/install/tex/latex/base/size10.clo
File: size10.clo 2024/06/29 v1.4n Standard LaTeX file (size option)
)
\c@part=\count196
\c@section=\count197
\c@subsection=\count198
\c@subsubsection=\count199
\c@paragraph=\count266
\c@subparagraph=\count267
\c@figure=\count268
\c@table=\count269
\abovecaptionskip=\skip49
\belowcaptionskip=\skip50
\bibindent=\dimen141
)
(/home/katherine/.miktex/texmfs/install/tex/latex/l3backend/l3backend-pdftex.de
f
File: l3backend-pdftex.def 2024-05-08 L3 backend support: PDF output (pdfTeX)
\l__color_backend_stack_int=\count270
\l__pdf_internal_box=\box52
) (McCarthy HW6 2490.aux)
\openout1 = `"McCarthy HW6 2490.aux"'.

LaTeX Font Info:    Checking defaults for OML/cmm/m/it on input line 2.
LaTeX Font Info:    ... okay on input line 2.
LaTeX Font Info:    Checking defaults for OMS/cmsy/m/n on input line 2.
LaTeX Font Info:    ... okay on input line 2.
LaTeX Font Info:    Checking defaults for OT1/cmr/m/n on input line 2.
LaTeX Font Info:    ... okay on input line 2.
LaTeX Font Info:    Checking defaults for T1/cmr/m/n on input line 2.
LaTeX Font Info:    ... okay on input line 2.
LaTeX Font Info:    Checking defaults for TS1/cmr/m/n on input line 2.
LaTeX Font Info:    ... okay on input line 2.
LaTeX Font Info:    Checking defaults for OMX/cmex/m/n on input line 2.
LaTeX Font Info:    ... okay on input line 2.
LaTeX Font Info:    Checking defaults for U/cmr/m/n on input line 2.
LaTeX Font Info:    ... okay on input line 2.
LaTeX Font Info:    External font `cmex10' loaded for size
(Font)              <7> on input line 4.
LaTeX Font Info:    External font `cmex10' loaded for size
(Font)              <5> on input line 4.


[1

{/home/katherine/.miktex/texmfs/data/fonts/map/pdftex/pdftex.map}]
(McCarthy HW6 2490.aux)
 ***********
LaTeX2e <2024-11-01> patch level 2
L3 programming layer <2025-01-18>
 ***********
 ) 
Here is how much of TeX's memory you used:
 438 strings out of 475460
 8542 string characters out of 5766310
 390788 words of memory out of 5000000
 23505 multiletter control sequences out of 15000+600000
 559145 words of font info for 37 fonts, out of 8000000 for 9000
 0 hyphenation exceptions out of 8191
 35i,5n,50p,186b,109s stack positions out of 10000i,1000n,20000p,200000b,200000s
</home/katherine/.miktex/texmfs/install/fonts/type1/public/amsfonts/cm/cmbx10
.pfb></home/katherine/.miktex/texmfs/install/fonts/type1/public/amsfonts/cm/cmm
i10.pfb></home/katherine/.miktex/texmfs/install/fonts/type1/public/amsfonts/cm/
cmmi7.pfb></home/katherine/.miktex/texmfs/install/fonts/type1/public/amsfonts/c
m/cmr10.pfb></home/katherine/.miktex/texmfs/install/fonts/type1/public/amsfonts
/cm/cmsy10.pfb>
Output written on "McCarthy HW6 2490.pdf" (1 page, 58445 bytes).
PDF statistics:
 31 PDF objects out of 1000 (max. 8388607)
 0 named destinations out of 1000 (max. 500000)
 1 words of extra memory for PDF output out of 10000 (max. 10000000)

